1465 [main] INFO  c.t.b.BlockchainManagerApplication - Starting BlockchainManagerApplication on DESKTOP-Q6T51BO with PID 18264 (D:\opensourcecode\blockchain_manager\target\classes started by tomcatwang in D:\opensourcecode\blockchain_manager)
1478 [main] INFO  c.t.b.BlockchainManagerApplication - The following profiles are active: local
2745 [main] INFO  o.s.d.r.c.RepositoryConfigurationDelegate - Bootstrapping Spring Data repositories in DEFAULT mode.
2845 [main] INFO  o.s.d.r.c.RepositoryConfigurationDelegate - Finished Spring Data repository scanning in 85ms. Found 3 repository interfaces.
3212 [main] INFO  o.s.c.s.PostProcessorRegistrationDelegate$BeanPostProcessorChecker - Bean 'org.springframework.transaction.annotation.ProxyTransactionManagementConfiguration' of type [org.springframework.transaction.annotation.ProxyTransactionManagementConfiguration$$EnhancerBySpringCGLIB$$9bd3a6ff] is not eligible for getting processed by all BeanPostProcessors (for example: not eligible for auto-proxying)
3676 [main] INFO  o.s.b.w.e.tomcat.TomcatWebServer - Tomcat initialized with port(s): 8888 (http)
3691 [main] INFO  o.a.coyote.http11.Http11NioProtocol - Initializing ProtocolHandler ["http-nio-8888"]
3719 [main] INFO  o.a.catalina.core.StandardService - Starting service [Tomcat]
3719 [main] INFO  o.a.catalina.core.StandardEngine - Starting Servlet engine: [Apache Tomcat/9.0.22]
3859 [main] INFO  o.a.c.c.C.[Tomcat].[localhost].[/] - Initializing Spring embedded WebApplicationContext
3859 [main] INFO  o.s.web.context.ContextLoader - Root WebApplicationContext: initialization completed in 2275 ms
4187 [main] INFO  o.h.jpa.internal.util.LogHelper - HHH000204: Processing PersistenceUnitInfo [
	name: default
	...]
4280 [main] INFO  org.hibernate.Version - HHH000412: Hibernate Core {5.3.10.Final}
4281 [main] INFO  org.hibernate.cfg.Environment - HHH000206: hibernate.properties not found
4708 [main] INFO  o.h.annotations.common.Version - HCANN000001: Hibernate Commons Annotations {5.0.4.Final}
4942 [main] INFO  com.zaxxer.hikari.HikariDataSource - HikariPool-1 - Starting...
4942 [main] WARN  c.z.hikari.util.DriverDataSource - Registered driver with driverClassName=com.mysql.jdbc.Driver was not found, trying direct instantiation.
5374 [main] INFO  com.zaxxer.hikari.HikariDataSource - HikariPool-1 - Start completed.
5409 [main] INFO  org.hibernate.dialect.Dialect - HHH000400: Using dialect: org.hibernate.dialect.MySQL5InnoDBDialect
6581 [main] INFO  o.s.o.j.LocalContainerEntityManagerFactoryBean - Initialized JPA EntityManagerFactory for persistence unit 'default'
7396 [main] INFO  o.s.s.c.ThreadPoolTaskExecutor - Initializing ExecutorService 'applicationTaskExecutor'
7436 [main] WARN  o.s.b.a.o.j.JpaBaseConfiguration$JpaWebConfiguration$JpaWebMvcConfiguration - spring.jpa.open-in-view is enabled by default. Therefore, database queries may be performed during view rendering. Explicitly configure spring.jpa.open-in-view to disable this warning
7630 [main] INFO  o.a.coyote.http11.Http11NioProtocol - Starting ProtocolHandler ["http-nio-8888"]
7660 [main] INFO  o.s.b.w.e.tomcat.TomcatWebServer - Tomcat started on port(s): 8888 (http) with context path ''
7662 [main] INFO  c.t.b.BlockchainManagerApplication - Started BlockchainManagerApplication in 7.241 seconds (JVM running for 9.123)
64179 [http-nio-8888-exec-1] INFO  o.a.c.c.C.[Tomcat].[localhost].[/] - Initializing Spring DispatcherServlet 'dispatcherServlet'
64179 [http-nio-8888-exec-1] INFO  o.s.web.servlet.DispatcherServlet - Initializing Servlet 'dispatcherServlet'
64185 [http-nio-8888-exec-1] INFO  o.s.web.servlet.DispatcherServlet - Completed initialization in 6 ms
64272 [http-nio-8888-exec-1] INFO  o.h.h.i.QueryTranslatorFactoryInitiator - HHH000397: Using ASTQueryTranslatorFactory
